<?xml version="1.0" encoding="utf-8"?><testsuites name="pytest tests"><testsuite name="pytest" errors="0" failures="0" skipped="0" tests="47" time="4.843" timestamp="2026-08-13T09:20:30.892400+00:00" hostname="agent-env-cc254765-c771-43d5-9015-acfbdfa7f39f"><testcase classname="tests.test_api_comprehensive" name="test_health" time="0.171" /><testcase classname="tests.test_api_comprehensive" name="test_login_bad_creds" time="0.340" /><testcase classname="tests.test_api_comprehensive" name="test_unauth_dashboard_401" time="0.107" /><testcase classname="tests.test_api_comprehensive" name="test_auth_me" time="0.363" /><testcase classname="tests.test_api_comprehensive" name="test_foreign_business_403" time="0.046" /><testcase classname="tests.test_api_comprehensive" name="test_meta" time="0.044" /><testcase classname="tests.test_api_comprehensive" name="test_business" time="0.045" /><testcase classname="tests.test_api_comprehensive" name="test_categories" time="0.051" /><testcase classname="tests.test_api_comprehensive" name="test_accounts" time="0.044" /><testcase classname="tests.test_api_comprehensive" name="test_suppliers" time="0.043" /><testcase classname="tests.test_api_comprehensive" name="test_products" time="0.043" /><testcase classname="tests.test_api_comprehensive" name="test_demo_load_and_status" time="0.165" /><testcase classname="tests.test_api_comprehensive" name="test_dashboard_fy2526" time="0.059" /><testcase classname="tests.test_api_comprehensive" name="test_dashboard_empty_fy" time="0.055" /><testcase classname="tests.test_api_comprehensive" name="test_cogs" time="0.043" /><testcase classname="tests.test_api_comprehensive" name="test_gst" time="0.051" /><testcase classname="tests.test_api_comprehensive" name="test_cashflow" time="0.044" /><testcase classname="tests.test_api_comprehensive" name="test_advertising" time="0.047" /><testcase classname="tests.test_api_comprehensive" name="test_refunds_analytics" time="0.045" /><testcase classname="tests.test_api_comprehensive" name="test_sales_summary" time="0.046" /><testcase classname="tests.test_api_comprehensive" name="test_pnl" time="0.052" /><testcase classname="tests.test_api_comprehensive" name="test_search" time="0.045" /><testcase classname="tests.test_api_comprehensive" name="test_compare" time="0.051" /><testcase classname="tests.test_api_comprehensive" name="test_create_expense_gst_inclusive" time="0.220" /><testcase classname="tests.test_api_comprehensive" name="test_create_expense_gst_free" time="0.178" /><testcase classname="tests.test_api_comprehensive" name="test_transactions_list" time="0.069" /><testcase classname="tests.test_api_comprehensive" name="test_inventory_purchase_landed_cost" time="0.085" /><testcase classname="tests.test_api_comprehensive" name="test_assets_list" time="0.042" /><testcase classname="tests.test_api_comprehensive" name="test_reminders_scan" time="0.101" /><testcase classname="tests.test_api_comprehensive" name="test_reminders_list" time="0.055" /><testcase classname="tests.test_api_comprehensive" name="test_month_end" time="0.148" /><testcase classname="tests.test_api_comprehensive" name="test_year_end" time="0.138" /><testcase classname="tests.test_api_comprehensive" name="test_reports_list" time="0.041" /><testcase classname="tests.test_api_comprehensive" name="test_report_pnl_csv" time="0.048" /><testcase classname="tests.test_api_comprehensive" name="test_report_pnl_pdf" time="0.052" /><testcase classname="tests.test_api_comprehensive" name="test_export_transactions_csv" time="0.045" /><testcase classname="tests.test_api_comprehensive" name="test_accountant_export_zip" time="0.058" /><testcase classname="tests.test_api_comprehensive" name="test_documents_list" time="0.043" /><testcase classname="tests.test_api_comprehensive" name="test_documents_missing_receipts" time="0.056" /><testcase classname="tests.test_api_comprehensive" name="test_document_upload_bad_extension" time="0.043" /><testcase classname="tests.test_api_comprehensive" name="test_document_upload_pdf" time="0.232" /><testcase classname="tests.test_api_comprehensive" name="test_audit_logs" time="0.046" /><testcase classname="tests.test_api_comprehensive" name="test_integrations" time="0.042" /><testcase classname="tests.test_api_comprehensive" name="test_backup_export" time="0.078" /><testcase classname="tests.test_api_comprehensive" name="test_recurring" time="0.043" /><testcase classname="tests.test_api_comprehensive" name="test_import_fields" time="0.044" /><testcase classname="tests.test_api_comprehensive" name="test_logout" time="0.399" /></testsuite></testsuites>