<?xml version="1.0" encoding="utf-8"?><testsuites><testsuite name="pytest" errors="0" failures="0" skipped="1" tests="31" time="2.784" timestamp="2026-08-14T05:45:01.697708+00:00" hostname="agent-env-3db81f85-9e9c-4c97-ab8d-79b2831da898"><testcase classname="tests.test_payroll_phase4_integration.TestReports" name="test_json[/api/payroll/reports/summary]" time="0.761" /><testcase classname="tests.test_payroll_phase4_integration.TestRegression" name="test_shape_ok[/api/dashboard]" time="0.770" /><testcase classname="tests.test_payroll_phase4_integration.TestReports" name="test_json[/api/payroll/reports/payment-summary]" time="0.050" /><testcase classname="tests.test_payroll_phase4_integration.TestRegression" name="test_shape_ok[/api/reports/pnl]" time="0.053" /><testcase classname="tests.test_payroll_phase4_integration.TestReports" name="test_json[/api/payroll/reports/super-quarter]" time="0.052" /><testcase classname="tests.test_payroll_phase4_integration.TestRegression" name="test_shape_ok[/api/gst]" time="0.059" /><testcase classname="tests.test_payroll_phase4_integration.TestReports" name="test_json[/api/payroll/reports/leave-balances]" time="0.052" /><testcase classname="tests.test_payroll_phase4_integration.TestRegression" name="test_shape_ok[/api/cogs]" time="0.045" /><testcase classname="tests.test_payroll_phase4_integration.TestReports" name="test_csv_has_bom[/api/payroll/reports/summary.csv]" time="0.057" /><testcase classname="tests.test_payroll_phase4_integration.TestRegression" name="test_shape_ok[/api/reminders]" time="0.055" /><testcase classname="tests.test_payroll_phase4_integration.TestReports" name="test_csv_has_bom[/api/payroll/reports/payment-summary.csv]" time="0.050" /><testcase classname="tests.test_payroll_phase4_integration.TestRegression" name="test_shape_ok[/api/month-end]" time="0.134" /><testcase classname="tests.test_payroll_phase4_integration.TestReports" name="test_csv_has_bom[/api/payroll/reports/super-quarter.csv]" time="0.052" /><testcase classname="tests.test_payroll_phase4_integration.TestReports" name="test_csv_has_bom[/api/payroll/reports/leave-balances.csv]" time="0.069" /><testcase classname="tests.test_payroll_phase4_integration.TestRegression" name="test_shape_ok[/api/year-end]" time="0.174" /><testcase classname="tests.test_payroll_phase4_integration.TestReports" name="test_pdf_magic[/api/payroll/reports/summary.pdf]" time="0.060" /><testcase classname="tests.test_payroll_phase4_integration.TestReports" name="test_pdf_magic[/api/payroll/reports/payment-summary.pdf]" time="0.065" /><testcase classname="tests.test_payroll_phase4_integration.TestReports" name="test_pdf_magic[/api/payroll/reports/super-quarter.pdf]" time="0.052" /><testcase classname="tests.test_payroll_phase4_integration.TestReports" name="test_pdf_magic[/api/payroll/reports/leave-balances.pdf]" time="0.052" /><testcase classname="tests.test_payroll_phase4_integration.TestLeaveSettings" name="test_put_get_persist" time="0.166" /><testcase classname="tests.test_payroll_phase4_integration.TestDashboardFull" name="test_dashboard_full_shape" time="0.072" /><testcase classname="tests.test_payroll_phase4_integration.TestDashboardFull" name="test_legacy_dashboard_still_works" time="0.056" /><testcase classname="tests.test_payroll_phase4_integration.TestLeaveSettings" name="test_ledger_returns_list" time="0.055" /><testcase classname="tests.test_payroll_phase4_integration.TestSuperLiabilities" name="test_list_shape" time="0.049" /><testcase classname="tests.test_payroll_phase4_integration.TestLeaveSettings" name="test_adjustment_creates_ledger_row" time="0.188" /><testcase classname="tests.test_payroll_phase4_integration.TestSuperLiabilities" name="test_pay_overpayment_rejected" time="0.049"><skipped type="pytest.skip" message="no super liabilities to test payment over-guard">/app/backend/tests/test_payroll_phase4_integration.py:94: no super liabilities to test payment over-guard</skipped></testcase><testcase classname="tests.test_payroll_phase4_integration.TestAuth" name="test_me" time="0.047" /><testcase classname="tests.test_payroll_phase4_integration.TestReminders" name="test_scan_writes_to_global_reminders" time="0.150" /><testcase classname="tests.test_payroll_phase4_integration.TestLeaveRequests" name="test_create_approve_and_reject" time="0.211" /><testcase classname="tests.test_payroll_phase4_integration.TestPayRunFinaliseSideEffects" name="test_finalise_creates_super_liability_and_leave_accrual_only_for_configured" time="0.645" /><testcase classname="tests.test_payroll_phase4_integration.TestLeaveRequests" name="test_reject_flow" time="0.104" /></testsuite></testsuites>