<?xml version="1.0" encoding="utf-8"?><testsuites><testsuite name="pytest" errors="0" failures="0" skipped="0" tests="17" time="2.592" timestamp="2026-08-14T06:15:51.578061+00:00" hostname="agent-env-3db81f85-9e9c-4c97-ab8d-79b2831da898"><testcase classname="tests.test_payroll_phase6_employees" name="test_auth_me" time="0.470" /><testcase classname="tests.test_payroll_phase6_employees" name="test_list_employees_has_current_pay_fields" time="0.054" /><testcase classname="tests.test_payroll_phase6_employees" name="test_status_filter_terminated_and_all" time="0.153" /><testcase classname="tests.test_payroll_phase6_employees" name="test_check_duplicate_by_email" time="0.101" /><testcase classname="tests.test_payroll_phase6_employees" name="test_check_duplicate_by_mobile_last8" time="0.052" /><testcase classname="tests.test_payroll_phase6_employees" name="test_check_duplicate_by_name_dob" time="0.050" /><testcase classname="tests.test_payroll_phase6_employees" name="test_post_employee_409_then_force" time="0.150" /><testcase classname="tests.test_payroll_phase6_employees" name="test_employment_periods_initialised" time="0.000" /><testcase classname="tests.test_payroll_phase6_employees" name="test_terminate_and_rehire_cycle" time="0.450" /><testcase classname="tests.test_payroll_phase6_employees" name="test_put_employee_extended_fields" time="0.102" /><testcase classname="tests.test_payroll_phase6_employees" name="test_tfn_encrypt_mask_reveal" time="0.197" /><testcase classname="tests.test_payroll_phase6_employees" name="test_tfn_empty_does_not_wipe" time="0.182" /><testcase classname="tests.test_payroll_phase6_employees" name="test_documents_employee_upload_list_delete" time="0.249" /><testcase classname="tests.test_payroll_phase6_employees" name="test_regression_accounting[/api/dashboard]" time="0.061" /><testcase classname="tests.test_payroll_phase6_employees" name="test_regression_accounting[/api/reports/pnl]" time="0.057" /><testcase classname="tests.test_payroll_phase6_employees" name="test_regression_accounting[/api/gst]" time="0.052" /><testcase classname="tests.test_payroll_phase6_employees" name="test_regression_accounting[/api/cogs]" time="0.101" /></testsuite></testsuites>