<?xml version="1.0" encoding="utf-8"?><testsuites><testsuite name="pytest" errors="0" failures="0" skipped="0" tests="12" time="2.925" timestamp="2026-08-14T06:50:46.165687+00:00" hostname="agent-env-3db81f85-9e9c-4c97-ab8d-79b2831da898"><testcase classname="tests.test_phase5_security_and_export" name="test_auth_me_owner" time="0.449" /><testcase classname="tests.test_phase5_security_and_export" name="test_forgot_password_token_not_in_stdout" time="1.113" /><testcase classname="tests.test_phase5_security_and_export" name="test_cross_tenant_put_accounts_returns_404" time="0.047" /><testcase classname="tests.test_phase5_security_and_export" name="test_accountant_export_zip_bundles_payroll_and_no_sensitive_data" time="0.163" /><testcase classname="tests.test_phase5_security_and_export" name="test_regression_endpoints_ok[/api/dashboard]" time="0.059" /><testcase classname="tests.test_phase5_security_and_export" name="test_regression_endpoints_ok[/api/reports/pnl]" time="0.049" /><testcase classname="tests.test_phase5_security_and_export" name="test_regression_endpoints_ok[/api/gst]" time="0.049" /><testcase classname="tests.test_phase5_security_and_export" name="test_regression_endpoints_ok[/api/cogs]" time="0.053" /><testcase classname="tests.test_phase5_security_and_export" name="test_regression_endpoints_ok[/api/reminders]" time="0.046" /><testcase classname="tests.test_phase5_security_and_export" name="test_regression_endpoints_ok[/api/month-end]" time="0.151" /><testcase classname="tests.test_phase5_security_and_export" name="test_regression_endpoints_ok[/api/year-end]" time="0.162" /><testcase classname="tests.test_phase5_security_and_export" name="test_unauth_rejected_on_new_endpoints" time="0.243" /></testsuite></testsuites>