<?xml version="1.0" encoding="utf-8"?><testsuites><testsuite name="pytest" errors="0" failures="0" skipped="3" tests="14" time="2.082" timestamp="2026-08-14T06:48:58.046996+00:00" hostname="agent-env-3db81f85-9e9c-4c97-ab8d-79b2831da898"><testcase classname="tests.test_payroll_phase5_accounting" name="test_backfill_post_accounting_creates_wages_and_super_once" time="0.762" /><testcase classname="tests.test_payroll_phase5_accounting" name="test_no_payg_transaction_created" time="0.092" /><testcase classname="tests.test_payroll_phase5_accounting" name="test_payroll_txns_have_zero_gst_and_no_gst_treatment" time="0.044" /><testcase classname="tests.test_payroll_phase5_accounting" name="test_liabilities_created_and_scoped" time="0.044" /><testcase classname="tests.test_payroll_phase5_accounting" name="test_mark_wages_paid_creates_no_extra_expense" time="0.046"><skipped type="pytest.skip" message="already fully paid">/app/backend/tests/test_payroll_phase5_accounting.py:119: already fully paid</skipped></testcase><testcase classname="tests.test_payroll_phase5_accounting" name="test_mark_payg_paid_creates_no_extra_expense" time="0.043"><skipped type="pytest.skip" message="no PAYG liability">/app/backend/tests/test_payroll_phase5_accounting.py:139: no PAYG liability</skipped></testcase><testcase classname="tests.test_payroll_phase5_accounting" name="test_pnl_reflects_payroll_expenses" time="0.050" /><testcase classname="tests.test_payroll_phase5_accounting" name="test_cashflow_excludes_accrual_and_reports_payroll_payments" time="0.047" /><testcase classname="tests.test_payroll_phase5_accounting" name="test_gst_paid_not_polluted_by_payroll" time="0.086" /><testcase classname="tests.test_payroll_phase5_accounting" name="test_liabilities_summary" time="0.043" /><testcase classname="tests.test_payroll_phase5_accounting" name="test_void_reverses_and_preserves_history" time="0.044"><skipped type="pytest.skip" message="need at least 2 finalised runs to safely void one">/app/backend/tests/test_payroll_phase5_accounting.py:195: need at least 2 finalised runs to safely void one</skipped></testcase><testcase classname="tests.test_payroll_phase5_accounting" name="test_postings_audit_trail" time="0.044" /><testcase classname="tests.test_payroll_phase5_accounting" name="test_unauth_rejected_on_all_payroll_endpoints" time="0.368" /><testcase classname="tests.test_payroll_phase5_accounting" name="test_cross_business_pay_run_isolation" time="0.045" /></testsuite></testsuites>