<?xml version="1.0" encoding="utf-8"?><testsuites><testsuite name="pytest" errors="0" failures="2" skipped="1" tests="48" time="4.388" timestamp="2026-08-14T06:50:53.460472+00:00" hostname="agent-env-3db81f85-9e9c-4c97-ab8d-79b2831da898"><testcase classname="tests.test_payroll_phase6_employees" name="test_auth_me" time="0.644" /><testcase classname="tests.test_payroll_phase4_integration.TestReports" name="test_json[/api/payroll/reports/summary]" time="0.735" /><testcase classname="tests.test_payroll_phase6_employees" name="test_list_employees_has_current_pay_fields" time="0.055" /><testcase classname="tests.test_payroll_phase6_employees" name="test_status_filter_terminated_and_all" time="0.177" /><testcase classname="tests.test_payroll_phase4_integration.TestReports" name="test_json[/api/payroll/reports/payment-summary]" time="0.087" /><testcase classname="tests.test_payroll_phase4_integration.TestReports" name="test_json[/api/payroll/reports/super-quarter]" time="0.094" /><testcase classname="tests.test_payroll_phase4_integration.TestReports" name="test_json[/api/payroll/reports/leave-balances]" time="0.061" /><testcase classname="tests.test_payroll_phase6_employees" name="test_check_duplicate_by_email" time="0.092" /><testcase classname="tests.test_payroll_phase6_employees" name="test_check_duplicate_by_mobile_last8" time="0.046" /><testcase classname="tests.test_payroll_phase4_integration.TestReports" name="test_csv_has_bom[/api/payroll/reports/summary.csv]" time="0.105" /><testcase classname="tests.test_payroll_phase6_employees" name="test_check_duplicate_by_name_dob" time="0.043" /><testcase classname="tests.test_payroll_phase6_employees" name="test_post_employee_409_then_force" time="0.138" /><testcase classname="tests.test_payroll_phase4_integration.TestReports" name="test_csv_has_bom[/api/payroll/reports/payment-summary.csv]" time="0.091" /><testcase classname="tests.test_payroll_phase4_integration.TestReports" name="test_csv_has_bom[/api/payroll/reports/super-quarter.csv]" time="0.095" /><testcase classname="tests.test_payroll_phase6_employees" name="test_employment_periods_initialised" time="0.000" /><testcase classname="tests.test_payroll_phase6_employees" name="test_terminate_and_rehire_cycle" time="0.403" /><testcase classname="tests.test_payroll_phase4_integration.TestReports" name="test_csv_has_bom[/api/payroll/reports/leave-balances.csv]" time="0.056" /><testcase classname="tests.test_payroll_phase4_integration.TestReports" name="test_pdf_magic[/api/payroll/reports/summary.pdf]" time="0.052" /><testcase classname="tests.test_payroll_phase4_integration.TestReports" name="test_pdf_magic[/api/payroll/reports/payment-summary.pdf]" time="0.064" /><testcase classname="tests.test_payroll_phase4_integration.TestReports" name="test_pdf_magic[/api/payroll/reports/super-quarter.pdf]" time="0.055" /><testcase classname="tests.test_payroll_phase4_integration.TestReports" name="test_pdf_magic[/api/payroll/reports/leave-balances.pdf]" time="0.071" /><testcase classname="tests.test_payroll_phase4_integration.TestRegression" name="test_shape_ok[/api/dashboard]" time="0.115" /><testcase classname="tests.test_payroll_phase6_employees" name="test_put_employee_extended_fields" time="0.087" /><testcase classname="tests.test_payroll_phase6_employees" name="test_tfn_encrypt_mask_reveal" time="0.184" /><testcase classname="tests.test_payroll_phase4_integration.TestRegression" name="test_shape_ok[/api/reports/pnl]" time="0.139" /><testcase classname="tests.test_payroll_phase4_integration.TestRegression" name="test_shape_ok[/api/gst]" time="0.095" /><testcase classname="tests.test_payroll_phase6_employees" name="test_tfn_empty_does_not_wipe" time="0.136" /><testcase classname="tests.test_payroll_phase4_integration.TestRegression" name="test_shape_ok[/api/cogs]" time="0.092" /><testcase classname="tests.test_payroll_phase6_employees" name="test_documents_employee_upload_list_delete" time="0.220" /><testcase classname="tests.test_payroll_phase4_integration.TestRegression" name="test_shape_ok[/api/reminders]" time="0.092" /><testcase classname="tests.test_payroll_phase4_integration.TestRegression" name="test_shape_ok[/api/month-end]" time="0.195" /><testcase classname="tests.test_payroll_phase6_employees" name="test_regression_accounting[/api/dashboard]" time="0.062" /><testcase classname="tests.test_payroll_phase6_employees" name="test_regression_accounting[/api/reports/pnl]" time="0.048" /><testcase classname="tests.test_payroll_phase4_integration.TestRegression" name="test_shape_ok[/api/year-end]" time="0.247" /><testcase classname="tests.test_payroll_phase6_employees" name="test_regression_accounting[/api/gst]" time="0.046" /><testcase classname="tests.test_payroll_phase6_employees" name="test_regression_accounting[/api/cogs]" time="0.047" /><testcase classname="tests.test_payroll_phase4_integration.TestDashboardFull" name="test_dashboard_full_shape" time="0.384" /><testcase classname="tests.test_payroll_phase4_integration.TestLeaveSettings" name="test_put_get_persist" time="0.344" /><testcase classname="tests.test_payroll_phase4_integration.TestDashboardFull" name="test_legacy_dashboard_still_works" time="0.042" /><testcase classname="tests.test_payroll_phase4_integration.TestSuperLiabilities" name="test_list_shape" time="0.042" /><testcase classname="tests.test_payroll_phase4_integration.TestLeaveSettings" name="test_ledger_returns_list" time="0.058" /><testcase classname="tests.test_payroll_phase4_integration.TestSuperLiabilities" name="test_pay_overpayment_rejected" time="0.041"><skipped type="pytest.skip" message="no outstanding liability">/app/backend/tests/test_payroll_phase4_integration.py:97: no outstanding liability</skipped></testcase><testcase classname="tests.test_payroll_phase4_integration.TestLeaveSettings" name="test_adjustment_creates_ledger_row" time="0.159"><failure message="assert 2 == (0 + 1)">E   assert 2 == (0 + 1)</failure></testcase><testcase classname="tests.test_payroll_phase4_integration.TestLeaveRequests" name="test_create_approve_and_reject" time="0.251" /><testcase classname="tests.test_payroll_phase4_integration.TestAuth" name="test_me" time="0.052" /><testcase classname="tests.test_payroll_phase4_integration.TestLeaveRequests" name="test_reject_flow" time="0.086" /><testcase classname="tests.test_payroll_phase4_integration.TestPayRunFinaliseSideEffects" name="test_finalise_creates_super_liability_and_leave_accrual_only_for_configured" time="0.845"><failure message="AssertionError: transactions total changed: 2 -&gt; 4&#10;assert 4 == 2">E   AssertionError: transactions total changed: 2 -&gt; 4
    assert 4 == 2</failure></testcase><testcase classname="tests.test_payroll_phase4_integration.TestReminders" name="test_scan_writes_to_global_reminders" time="0.224" /></testsuite></testsuites>