<?xml version="1.0" encoding="utf-8"?><testsuites name="pytest tests"><testsuite name="pytest" errors="0" failures="0" skipped="0" tests="88" time="5.852" timestamp="2026-08-13T09:45:37.894586+00:00" hostname="agent-env-cc254765-c771-43d5-9015-acfbdfa7f39f"><testcase classname="test_calculations" name="test_gst_inclusive" time="0.000" /><testcase classname="tests.test_api_comprehensive" name="test_health" time="0.137" /><testcase classname="test_calculations" name="test_gst_inclusive_rounding" time="0.000" /><testcase classname="test_calculations" name="test_gst_exclusive" time="0.000" /><testcase classname="test_calculations" name="test_gst_free" time="0.000" /><testcase classname="test_calculations" name="test_no_gst" time="0.000" /><testcase classname="test_calculations" name="test_custom_rate_inclusive" time="0.000" /><testcase classname="test_calculations" name="test_custom_rate_exclusive" time="0.000" /><testcase classname="test_calculations" name="test_unknown_flags_review" time="0.000" /><testcase classname="test_calculations" name="test_gst_default_rate_override" time="0.000" /><testcase classname="test_calculations" name="test_to_cents_decimal_safe" time="0.000" /><testcase classname="test_calculations" name="test_to_dollars_roundtrip" time="0.000" /><testcase classname="test_calculations" name="test_negative_adjustment" time="0.000" /><testcase classname="test_calculations" name="test_large_sum_no_drift" time="0.006" /><testcase classname="test_calculations" name="test_pct_and_guard" time="0.000" /><testcase classname="test_calculations" name="test_fy_boundaries" time="0.000" /><testcase classname="test_calculations" name="test_fy_bounds" time="0.000" /><testcase classname="test_calculations" name="test_fy_month_keys_order" time="0.000" /><testcase classname="test_calculations" name="test_month_key" time="0.000" /><testcase classname="test_calculations" name="test_bas_quarters" time="0.000" /><testcase classname="test_calculations" name="test_profit_chain" time="0.000" /><testcase classname="test_calculations" name="test_refund_rate_and_margins" time="0.000" /><testcase classname="test_calculations" name="test_landed_unit_cost" time="0.000" /><testcase classname="test_calculations" name="test_cogs_not_purchase" time="0.000" /><testcase classname="test_calculations" name="test_fifo_consumption_across_lots" time="0.000" /><testcase classname="test_calculations" name="test_csv_amount_and_date_parsing" time="0.393" /><testcase classname="tests.test_api_comprehensive" name="test_login_bad_creds" time="0.464" /><testcase classname="tests.test_api_comprehensive" name="test_unauth_dashboard_401" time="0.258" /><testcase classname="tests.test_daily_entry.TestUserExample" name="test_full_day_math" time="0.785" /><testcase classname="tests.test_daily_entry.TestUserExample" name="test_calc_qty_unit_row_shows_amount_20" time="0.044" /><testcase classname="tests.test_api_comprehensive" name="test_auth_me" time="0.442" /><testcase classname="tests.test_daily_entry.TestUserExample" name="test_facebook_txn_written_and_gst_free" time="0.045" /><testcase classname="tests.test_daily_entry.TestUserExample" name="test_google_ads_has_gst" time="0.045" /><testcase classname="tests.test_api_comprehensive" name="test_foreign_business_403" time="0.042" /><testcase classname="tests.test_daily_entry.TestUserExample" name="test_blank_vs_zero_snapchat_records_zero" time="0.046" /><testcase classname="tests.test_api_comprehensive" name="test_meta" time="0.089" /><testcase classname="tests.test_daily_entry.TestTemplate" name="test_template_autoseed_has_default_fields" time="0.048" /><testcase classname="tests.test_daily_entry.TestTemplate" name="test_sections_and_field_types_available" time="0.042" /><testcase classname="tests.test_api_comprehensive" name="test_business" time="0.044" /><testcase classname="tests.test_daily_entry.TestTemplate" name="test_mobile_covers_default_unit_cost_is_one" time="0.044" /><testcase classname="tests.test_api_comprehensive" name="test_categories" time="0.045" /><testcase classname="tests.test_daily_entry.TestIdempotencyAndBlanking" name="test_resave_does_not_duplicate" time="0.181" /><testcase classname="tests.test_api_comprehensive" name="test_accounts" time="0.044" /><testcase classname="tests.test_api_comprehensive" name="test_suppliers" time="0.052" /><testcase classname="tests.test_api_comprehensive" name="test_products" time="0.083" /><testcase classname="tests.test_daily_entry.TestIdempotencyAndBlanking" name="test_blanking_removes_transaction" time="0.131" /><testcase classname="tests.test_api_comprehensive" name="test_demo_load_and_status" time="0.227" /><testcase classname="tests.test_daily_entry.TestHistoryAndPeriods" name="test_history_row_present_for_test_date" time="0.045" /><testcase classname="tests.test_daily_entry.TestHistoryAndPeriods" name="test_periods_returns_all_windows" time="0.043" /><testcase classname="tests.test_daily_entry.TestMarkComplete" name="test_missing_required_refuses_complete" time="0.135" /><testcase classname="tests.test_api_comprehensive" name="test_dashboard_fy2526" time="0.060" /><testcase classname="tests.test_api_comprehensive" name="test_dashboard_empty_fy" time="0.050" /><testcase classname="tests.test_api_comprehensive" name="test_cogs" time="0.048" /><testcase classname="tests.test_daily_entry.TestNextDayPersistsFieldsButNotAmounts" name="test_next_day_has_same_fields_blank_amounts" time="0.092" /><testcase classname="tests.test_api_comprehensive" name="test_gst" time="0.046" /><testcase classname="tests.test_api_comprehensive" name="test_cashflow" time="0.046" /><testcase classname="tests.test_daily_entry.TestDefaultUnitCostHistoryFreeze" name="test_change_default_does_not_alter_history" time="0.326" /><testcase classname="tests.test_api_comprehensive" name="test_advertising" time="0.044" /><testcase classname="tests.test_api_comprehensive" name="test_refunds_analytics" time="0.051" /><testcase classname="tests.test_api_comprehensive" name="test_sales_summary" time="0.044" /><testcase classname="tests.test_api_comprehensive" name="test_pnl" time="0.050" /><testcase classname="tests.test_api_comprehensive" name="test_search" time="0.046" /><testcase classname="tests.test_api_comprehensive" name="test_compare" time="0.053" /><testcase classname="tests.test_daily_entry.TestCustomFieldsAndArchive" name="test_create_visible_and_archive_custom_field" time="0.377" /><testcase classname="tests.test_api_comprehensive" name="test_create_expense_gst_inclusive" time="0.259" /><testcase classname="tests.test_api_comprehensive" name="test_create_expense_gst_free" time="0.218" /><testcase classname="tests.test_api_comprehensive" name="test_transactions_list" time="0.052" /><testcase classname="tests.test_api_comprehensive" name="test_inventory_purchase_landed_cost" time="0.124" /><testcase classname="tests.test_api_comprehensive" name="test_assets_list" time="0.043" /><testcase classname="tests.test_api_comprehensive" name="test_reminders_scan" time="0.140" /><testcase classname="tests.test_api_comprehensive" name="test_reminders_list" time="0.048" /><testcase classname="tests.test_api_comprehensive" name="test_month_end" time="0.170" /><testcase classname="tests.test_api_comprehensive" name="test_year_end" time="0.193" /><testcase classname="tests.test_api_comprehensive" name="test_reports_list" time="0.042" /><testcase classname="tests.test_api_comprehensive" name="test_report_pnl_csv" time="0.049" /><testcase classname="tests.test_api_comprehensive" name="test_report_pnl_pdf" time="0.054" /><testcase classname="tests.test_api_comprehensive" name="test_export_transactions_csv" time="0.049" /><testcase classname="tests.test_api_comprehensive" name="test_accountant_export_zip" time="0.059" /><testcase classname="tests.test_api_comprehensive" name="test_documents_list" time="0.042" /><testcase classname="tests.test_api_comprehensive" name="test_documents_missing_receipts" time="0.052" /><testcase classname="tests.test_api_comprehensive" name="test_document_upload_bad_extension" time="0.042" /><testcase classname="tests.test_api_comprehensive" name="test_document_upload_pdf" time="0.271" /><testcase classname="tests.test_api_comprehensive" name="test_audit_logs" time="0.056" /><testcase classname="tests.test_api_comprehensive" name="test_integrations" time="0.042" /><testcase classname="tests.test_api_comprehensive" name="test_backup_export" time="0.067" /><testcase classname="tests.test_api_comprehensive" name="test_recurring" time="0.042" /><testcase classname="tests.test_api_comprehensive" name="test_import_fields" time="0.081" /><testcase classname="tests.test_api_comprehensive" name="test_logout" time="0.446" /></testsuite></testsuites>